<?xml version="1.0" encoding="UTF-8"?>
<testng-results ignored="0" total="2" passed="2" failed="0" skipped="0">
  <reporter-output>
  </reporter-output>
  <suite started-at="2022-08-25T13:50:52 IST" name="Suite" finished-at="2022-08-25T13:52:02 IST" duration-ms="70029">
    <groups>
    </groups>
    <test started-at="2022-08-25T13:50:52 IST" name="Test" finished-at="2022-08-25T13:52:02 IST" duration-ms="70029">
      <class name="automate.test.SF3">
        <test-method is-config="true" signature="setup()[pri:0, instance:automate.test.SF3@5b1669c0]" started-at="2022-08-25T13:50:52 IST" name="setup" finished-at="2022-08-25T13:50:52 IST" duration-ms="9" status="PASS">
          <reporter-output>
          </reporter-output>
        </test-method> <!-- setup -->
        <test-method is-config="true" signature="preCondition(java.lang.String,java.lang.String,java.lang.String,java.lang.String)[pri:0, instance:automate.test.SF3@5b1669c0]" started-at="2022-08-25T13:50:53 IST" name="preCondition" finished-at="2022-08-25T13:51:13 IST" duration-ms="20780" status="PASS">
          <params>
            <param index="0">
              <value>
                <![CDATA[Chrome]]>
              </value>
            </param>
            <param index="1">
              <value>
                <![CDATA[https://login.salesforce.com/]]>
              </value>
            </param>
            <param index="2">
              <value>
                <![CDATA[vj@salesforce.com]]>
              </value>
            </param>
            <param index="3">
              <value>
                <![CDATA[Malaysia@94]]>
              </value>
            </param>
          </params>
          <reporter-output>
          </reporter-output>
        </test-method> <!-- preCondition -->
        <test-method signature="sF3(java.lang.String,java.lang.String,java.lang.String)[pri:0, instance:automate.test.SF3@5b1669c0]" started-at="2022-08-25T13:51:13 IST" name="sF3" data-provider="testData" finished-at="2022-08-25T13:51:25 IST" duration-ms="11414" status="PASS">
          <params>
            <param index="0">
              <value>
                <![CDATA[content]]>
              </value>
            </param>
            <param index="1">
              <value>
                <![CDATA[coming from excel]]>
              </value>
            </param>
            <param index="2">
              <value>
                <![CDATA[coming from excel]]>
              </value>
            </param>
          </params>
          <reporter-output>
          </reporter-output>
        </test-method> <!-- sF3 -->
        <test-method is-config="true" signature="postCondition()[pri:0, instance:automate.test.SF3@5b1669c0]" started-at="2022-08-25T13:51:25 IST" name="postCondition" finished-at="2022-08-25T13:51:27 IST" duration-ms="2472" status="PASS">
          <reporter-output>
          </reporter-output>
        </test-method> <!-- postCondition -->
        <test-method is-config="true" signature="preCondition(java.lang.String,java.lang.String,java.lang.String,java.lang.String)[pri:0, instance:automate.test.SF3@5b1669c0]" started-at="2022-08-25T13:51:27 IST" name="preCondition" finished-at="2022-08-25T13:51:44 IST" duration-ms="16780" status="PASS">
          <params>
            <param index="0">
              <value>
                <![CDATA[Chrome]]>
              </value>
            </param>
            <param index="1">
              <value>
                <![CDATA[https://login.salesforce.com/]]>
              </value>
            </param>
            <param index="2">
              <value>
                <![CDATA[vj@salesforce.com]]>
              </value>
            </param>
            <param index="3">
              <value>
                <![CDATA[Malaysia@94]]>
              </value>
            </param>
          </params>
          <reporter-output>
          </reporter-output>
        </test-method> <!-- preCondition -->
        <test-method signature="sF3(java.lang.String,java.lang.String,java.lang.String)[pri:0, instance:automate.test.SF3@5b1669c0]" started-at="2022-08-25T13:51:44 IST" name="sF3" data-provider="testData" finished-at="2022-08-25T13:52:01 IST" duration-ms="17160" status="PASS">
          <params>
            <param index="0">
              <value>
                <![CDATA[content]]>
              </value>
            </param>
            <param index="1">
              <value>
                <![CDATA[hello]]>
              </value>
            </param>
            <param index="2">
              <value>
                <![CDATA[hello]]>
              </value>
            </param>
          </params>
          <reporter-output>
          </reporter-output>
        </test-method> <!-- sF3 -->
        <test-method is-config="true" signature="postCondition()[pri:0, instance:automate.test.SF3@5b1669c0]" started-at="2022-08-25T13:52:01 IST" name="postCondition" finished-at="2022-08-25T13:52:02 IST" duration-ms="473" status="PASS">
          <reporter-output>
          </reporter-output>
        </test-method> <!-- postCondition -->
      </class> <!-- automate.test.SF3 -->
    </test> <!-- Test -->
  </suite> <!-- Suite -->
</testng-results>
