<?xml version="1.0" encoding="UTF-8"?>
<testng-results ignored="0" total="2" passed="2" failed="0" skipped="0">
  <reporter-output>
  </reporter-output>
  <suite started-at="2022-08-22T16:12:46 IST" name="Suite" finished-at="2022-08-22T16:14:23 IST" duration-ms="96662">
    <groups>
    </groups>
    <test started-at="2022-08-22T16:12:46 IST" name="StaticSF3" finished-at="2022-08-22T16:14:23 IST" duration-ms="96662">
      <class name="automate.test.StaticSF3">
        <test-method is-config="true" signature="preCondition(java.lang.String,java.lang.String)[pri:0, instance:automate.test.StaticSF3@2e6a8155]" started-at="2022-08-22T16:12:46 IST" name="preCondition" finished-at="2022-08-22T16:13:01 IST" duration-ms="14746" status="PASS">
          <params>
            <param index="0">
              <value>
                <![CDATA[Chrome]]>
              </value>
            </param>
            <param index="1">
              <value>
                <![CDATA[https://login.salesforce.com/]]>
              </value>
            </param>
          </params>
          <reporter-output>
          </reporter-output>
        </test-method> <!-- preCondition -->
        <test-method signature="staticSF3(java.lang.String,java.lang.String,java.lang.String,java.lang.String,java.lang.String)[pri:0, instance:automate.test.StaticSF3@2e6a8155]" started-at="2022-08-22T16:13:01 IST" name="staticSF3" data-provider="testdata" finished-at="2022-08-22T16:13:33 IST" duration-ms="31466" status="PASS">
          <params>
            <param index="0">
              <value>
                <![CDATA[vj@salesforce.com]]>
              </value>
            </param>
            <param index="1">
              <value>
                <![CDATA[Malaysia@94]]>
              </value>
            </param>
            <param index="2">
              <value>
                <![CDATA[Content]]>
              </value>
            </param>
            <param index="3">
              <value>
                <![CDATA[coming from excel]]>
              </value>
            </param>
            <param index="4">
              <value>
                <![CDATA[coming from excel]]>
              </value>
            </param>
          </params>
          <reporter-output>
          </reporter-output>
        </test-method> <!-- staticSF3 -->
        <test-method is-config="true" signature="postCondition()[pri:0, instance:automate.test.StaticSF3@2e6a8155]" started-at="2022-08-22T16:13:33 IST" name="postCondition" finished-at="2022-08-22T16:13:36 IST" duration-ms="3230" status="PASS">
          <reporter-output>
          </reporter-output>
        </test-method> <!-- postCondition -->
        <test-method is-config="true" signature="preCondition(java.lang.String,java.lang.String)[pri:0, instance:automate.test.StaticSF3@2e6a8155]" started-at="2022-08-22T16:13:36 IST" name="preCondition" finished-at="2022-08-22T16:13:48 IST" duration-ms="12418" status="PASS">
          <params>
            <param index="0">
              <value>
                <![CDATA[Chrome]]>
              </value>
            </param>
            <param index="1">
              <value>
                <![CDATA[https://login.salesforce.com/]]>
              </value>
            </param>
          </params>
          <reporter-output>
          </reporter-output>
        </test-method> <!-- preCondition -->
        <test-method signature="staticSF3(java.lang.String,java.lang.String,java.lang.String,java.lang.String,java.lang.String)[pri:0, instance:automate.test.StaticSF3@2e6a8155]" started-at="2022-08-22T16:13:48 IST" name="staticSF3" data-provider="testdata" finished-at="2022-08-22T16:14:19 IST" duration-ms="31065" status="PASS">
          <params>
            <param index="0">
              <value>
                <![CDATA[ramkumar.ramaiah@testleaf.com]]>
              </value>
            </param>
            <param index="1">
              <value>
                <![CDATA[Password#123]]>
              </value>
            </param>
            <param index="2">
              <value>
                <![CDATA[Content]]>
              </value>
            </param>
            <param index="3">
              <value>
                <![CDATA[hello]]>
              </value>
            </param>
            <param index="4">
              <value>
                <![CDATA[hello]]>
              </value>
            </param>
          </params>
          <reporter-output>
          </reporter-output>
        </test-method> <!-- staticSF3 -->
        <test-method is-config="true" signature="postCondition()[pri:0, instance:automate.test.StaticSF3@2e6a8155]" started-at="2022-08-22T16:14:19 IST" name="postCondition" finished-at="2022-08-22T16:14:23 IST" duration-ms="3635" status="PASS">
          <reporter-output>
          </reporter-output>
        </test-method> <!-- postCondition -->
      </class> <!-- automate.test.StaticSF3 -->
    </test> <!-- StaticSF3 -->
  </suite> <!-- Suite -->
</testng-results>
